# JRE version: OpenJDK Runtime Environment (8.0_242-b01) (build 1.8.0_242-release-1644-b01)
# Java VM: OpenJDK 64-Bit Server VM (25.242-b01 mixed mode windows-amd64 compressed oops)
Heap:
 PSYoungGen      total 133120K, used 115449K [0x0000000770580000, 0x0000000779180000, 0x00000007c0000000)
  eden space 122880K, 93% used [0x0000000770580000,0x000000077763e7f8,0x0000000777d80000)
  from space 10240K, 0% used [0x0000000777d80000,0x0000000777d80000,0x0000000778780000)
  to   space 10240K, 0% used [0x0000000778780000,0x0000000778780000,0x0000000779180000)
 ParOldGen       total 111616K, used 27791K [0x00000006d1000000, 0x00000006d7d00000, 0x0000000770580000)
  object space 111616K, 24% used [0x00000006d1000000,0x00000006d2b23d58,0x00000006d7d00000)
 Metaspace       used 42375K, capacity 43086K, committed 43264K, reserved 1087488K
  class space    used 5215K, capacity 5376K, committed 5376K, reserved 1048576K
GC Heap History (10 events):
Event: 0.968 GC heap before
{Heap before GC invocations=1 (full 0):
 PSYoungGen      total 71680K, used 61440K [0x0000000770580000, 0x0000000775580000, 0x00000007c0000000)
  eden space 61440K, 100% used [0x0000000770580000,0x0000000774180000,0x0000000774180000)
  from space 10240K, 0% used [0x0000000774b80000,0x0000000774b80000,0x0000000775580000)
  to   space 10240K, 0% used [0x0000000774180000,0x0000000774180000,0x0000000774b80000)
 ParOldGen       total 163840K, used 0K [0x00000006d1000000, 0x00000006db000000, 0x0000000770580000)
  object space 163840K, 0% used [0x00000006d1000000,0x00000006d1000000,0x00000006db000000)
 Metaspace       used 14759K, capacity 15036K, committed 15232K, reserved 1062912K
  class space    used 1713K, capacity 1804K, committed 1920K, reserved 1048576K
Event: 0.979 GC heap after
Heap after GC invocations=1 (full 0):
 PSYoungGen      total 71680K, used 10208K [0x0000000770580000, 0x0000000779180000, 0x00000007c0000000)
  eden space 61440K, 0% used [0x0000000770580000,0x0000000770580000,0x0000000774180000)
  from space 10240K, 99% used [0x0000000774180000,0x0000000774b78058,0x0000000774b80000)
  to   space 10240K, 0% used [0x0000000778780000,0x0000000778780000,0x0000000779180000)
 ParOldGen       total 163840K, used 4371K [0x00000006d1000000, 0x00000006db000000, 0x0000000770580000)
  object space 163840K, 2% used [0x00000006d1000000,0x00000006d1444e20,0x00000006db000000)
 Metaspace       used 14759K, capacity 15036K, committed 15232K, reserved 1062912K
  class space    used 1713K, capacity 1804K, committed 1920K, reserved 1048576K
}
Event: 1.321 GC heap before
{Heap before GC invocations=2 (full 0):
 PSYoungGen      total 71680K, used 34173K [0x0000000770580000, 0x0000000779180000, 0x00000007c0000000)
  eden space 61440K, 39% used [0x0000000770580000,0x0000000771ce7568,0x0000000774180000)
  from space 10240K, 99% used [0x0000000774180000,0x0000000774b78058,0x0000000774b80000)
  to   space 10240K, 0% used [0x0000000778780000,0x0000000778780000,0x0000000779180000)
 ParOldGen       total 163840K, used 4371K [0x00000006d1000000, 0x00000006db000000, 0x0000000770580000)
  object space 163840K, 2% used [0x00000006d1000000,0x00000006d1444e20,0x00000006db000000)
 Metaspace       used 20755K, capacity 21168K, committed 21296K, reserved 1069056K
  class space    used 2481K, capacity 2630K, committed 2688K, reserved 1048576K
Event: 1.331 GC heap after
Heap after GC invocations=2 (full 0):
 PSYoungGen      total 133120K, used 10223K [0x0000000770580000, 0x0000000779180000, 0x00000007c0000000)
  eden space 122880K, 0% used [0x0000000770580000,0x0000000770580000,0x0000000777d80000)
  from space 10240K, 99% used [0x0000000778780000,0x000000077917bdb0,0x0000000779180000)
  to   space 10240K, 0% used [0x0000000777d80000,0x0000000777d80000,0x0000000778780000)
 ParOldGen       total 163840K, used 4443K [0x00000006d1000000, 0x00000006db000000, 0x0000000770580000)
  object space 163840K, 2% used [0x00000006d1000000,0x00000006d1456e30,0x00000006db000000)
 Metaspace       used 20755K, capacity 21168K, committed 21296K, reserved 1069056K
  class space    used 2481K, capacity 2630K, committed 2688K, reserved 1048576K
}
Event: 1.331 GC heap before
{Heap before GC invocations=3 (full 1):
 PSYoungGen      total 133120K, used 10223K [0x0000000770580000, 0x0000000779180000, 0x00000007c0000000)
  eden space 122880K, 0% used [0x0000000770580000,0x0000000770580000,0x0000000777d80000)
  from space 10240K, 99% used [0x0000000778780000,0x000000077917bdb0,0x0000000779180000)
  to   space 10240K, 0% used [0x0000000777d80000,0x0000000777d80000,0x0000000778780000)
 ParOldGen       total 163840K, used 4443K [0x00000006d1000000, 0x00000006db000000, 0x0000000770580000)
  object space 163840K, 2% used [0x00000006d1000000,0x00000006d1456e30,0x00000006db000000)
 Metaspace       used 20755K, capacity 21168K, committed 21296K, reserved 1069056K
  class space    used 2481K, capacity 2630K, committed 2688K, reserved 1048576K
Event: 1.365 GC heap after
Heap after GC invocations=3 (full 1):
 PSYoungGen      total 133120K, used 0K [0x0000000770580000, 0x0000000779180000, 0x00000007c0000000)
  eden space 122880K, 0% used [0x0000000770580000,0x0000000770580000,0x0000000777d80000)
  from space 10240K, 0% used [0x0000000778780000,0x0000000778780000,0x0000000779180000)
  to   space 10240K, 0% used [0x0000000777d80000,0x0000000777d80000,0x0000000778780000)
 ParOldGen       total 111616K, used 9872K [0x00000006d1000000, 0x00000006d7d00000, 0x0000000770580000)
  object space 111616K, 8% used [0x00000006d1000000,0x00000006d19a4140,0x00000006d7d00000)
 Metaspace       used 20755K, capacity 21168K, committed 21296K, reserved 1069056K
  class space    used 2481K, capacity 2630K, committed 2688K, reserved 1048576K
}
Event: 2.687 GC heap before
{Heap before GC invocations=4 (full 1):
 PSYoungGen      total 133120K, used 97079K [0x0000000770580000, 0x0000000779180000, 0x00000007c0000000)
  eden space 122880K, 79% used [0x0000000770580000,0x000000077644dc68,0x0000000777d80000)
  from space 10240K, 0% used [0x0000000778780000,0x0000000778780000,0x0000000779180000)
  to   space 10240K, 0% used [0x0000000777d80000,0x0000000777d80000,0x0000000778780000)
 ParOldGen       total 111616K, used 9872K [0x00000006d1000000, 0x00000006d7d00000, 0x0000000770580000)
  object space 111616K, 8% used [0x00000006d1000000,0x00000006d19a4140,0x00000006d7d00000)
 Metaspace       used 34708K, capacity 35239K, committed 35456K, reserved 1079296K
  class space    used 4483K, capacity 4621K, committed 4736K, reserved 1048576K
Event: 2.703 GC heap after
Heap after GC invocations=4 (full 1):
 PSYoungGen      total 133120K, used 10221K [0x0000000770580000, 0x0000000779180000, 0x00000007c0000000)
  eden space 122880K, 0% used [0x0000000770580000,0x0000000770580000,0x0000000777d80000)
  from space 10240K, 99% used [0x0000000777d80000,0x000000077877b698,0x0000000778780000)
  to   space 10240K, 0% used [0x0000000778780000,0x0000000778780000,0x0000000779180000)
 ParOldGen       total 111616K, used 22397K [0x00000006d1000000, 0x00000006d7d00000, 0x0000000770580000)
  object space 111616K, 20% used [0x00000006d1000000,0x00000006d25df610,0x00000006d7d00000)
 Metaspace       used 34708K, capacity 35239K, committed 35456K, reserved 1079296K
  class space    used 4483K, capacity 4621K, committed 4736K, reserved 1048576K
}
Event: 2.703 GC heap before
{Heap before GC invocations=5 (full 2):
 PSYoungGen      total 133120K, used 10221K [0x0000000770580000, 0x0000000779180000, 0x00000007c0000000)
  eden space 122880K, 0% used [0x0000000770580000,0x0000000770580000,0x0000000777d80000)
  from space 10240K, 99% used [0x0000000777d80000,0x000000077877b698,0x0000000778780000)
  to   space 10240K, 0% used [0x0000000778780000,0x0000000778780000,0x0000000779180000)
 ParOldGen       total 111616K, used 22397K [0x00000006d1000000, 0x00000006d7d00000, 0x0000000770580000)
  object space 111616K, 20% used [0x00000006d1000000,0x00000006d25df610,0x00000006d7d00000)
 Metaspace       used 34708K, capacity 35239K, committed 35456K, reserved 1079296K
  class space    used 4483K, capacity 4621K, committed 4736K, reserved 1048576K
Event: 2.748 GC heap after
Heap after GC invocations=5 (full 2):
 PSYoungGen      total 133120K, used 0K [0x0000000770580000, 0x0000000779180000, 0x00000007c0000000)
  eden space 122880K, 0% used [0x0000000770580000,0x0000000770580000,0x0000000777d80000)
  from space 10240K, 0% used [0x0000000777d80000,0x0000000777d80000,0x0000000778780000)
  to   space 10240K, 0% used [0x0000000778780000,0x0000000778780000,0x0000000779180000)
 ParOldGen       total 111616K, used 27791K [0x00000006d1000000, 0x00000006d7d00000, 0x0000000770580000)
  object space 111616K, 24% used [0x00000006d1000000,0x00000006d2b23d58,0x00000006d7d00000)
 Metaspace       used 34708K, capacity 35239K, committed 35456K, reserved 1079296K
  class space    used 4483K, capacity 4621K, committed 4736K, reserved 1048576K
}

