# JRE version: OpenJDK Runtime Environment (8.0_242-b01) (build 1.8.0_242-release-1644-b01)
# Java VM: OpenJDK 64-Bit Server VM (25.242-b01 mixed mode windows-amd64 compressed oops)
Heap:
 PSYoungGen      total 133120K, used 118709K [0x0000000770580000, 0x0000000779180000, 0x00000007c0000000)
  eden space 122880K, 96% used [0x0000000770580000,0x000000077796d478,0x0000000777d80000)
  from space 10240K, 0% used [0x0000000777d80000,0x0000000777d80000,0x0000000778780000)
  to   space 10240K, 0% used [0x0000000778780000,0x0000000778780000,0x0000000779180000)
 ParOldGen       total 111104K, used 27846K [0x00000006d1000000, 0x00000006d7c80000, 0x0000000770580000)
  object space 111104K, 25% used [0x00000006d1000000,0x00000006d2b31a30,0x00000006d7c80000)
 Metaspace       used 42898K, capacity 43654K, committed 43904K, reserved 1087488K
  class space    used 5243K, capacity 5414K, committed 5504K, reserved 1048576K
GC Heap History (10 events):
Event: 0.993 GC heap before
{Heap before GC invocations=1 (full 0):
 PSYoungGen      total 71680K, used 61440K [0x0000000770580000, 0x0000000775580000, 0x00000007c0000000)
  eden space 61440K, 100% used [0x0000000770580000,0x0000000774180000,0x0000000774180000)
  from space 10240K, 0% used [0x0000000774b80000,0x0000000774b80000,0x0000000775580000)
  to   space 10240K, 0% used [0x0000000774180000,0x0000000774180000,0x0000000774b80000)
 ParOldGen       total 163840K, used 0K [0x00000006d1000000, 0x00000006db000000, 0x0000000770580000)
  object space 163840K, 0% used [0x00000006d1000000,0x00000006d1000000,0x00000006db000000)
 Metaspace       used 14759K, capacity 15068K, committed 15232K, reserved 1062912K
  class space    used 1714K, capacity 1836K, committed 1920K, reserved 1048576K
Event: 1.006 GC heap after
Heap after GC invocations=1 (full 0):
 PSYoungGen      total 71680K, used 10226K [0x0000000770580000, 0x0000000779180000, 0x00000007c0000000)
  eden space 61440K, 0% used [0x0000000770580000,0x0000000770580000,0x0000000774180000)
  from space 10240K, 99% used [0x0000000774180000,0x0000000774b7cba8,0x0000000774b80000)
  to   space 10240K, 0% used [0x0000000778780000,0x0000000778780000,0x0000000779180000)
 ParOldGen       total 163840K, used 4314K [0x00000006d1000000, 0x00000006db000000, 0x0000000770580000)
  object space 163840K, 2% used [0x00000006d1000000,0x00000006d1436b58,0x00000006db000000)
 Metaspace       used 14759K, capacity 15068K, committed 15232K, reserved 1062912K
  class space    used 1714K, capacity 1836K, committed 1920K, reserved 1048576K
}
Event: 1.365 GC heap before
{Heap before GC invocations=2 (full 0):
 PSYoungGen      total 71680K, used 34198K [0x0000000770580000, 0x0000000779180000, 0x00000007c0000000)
  eden space 61440K, 39% used [0x0000000770580000,0x0000000771ce8ea8,0x0000000774180000)
  from space 10240K, 99% used [0x0000000774180000,0x0000000774b7cba8,0x0000000774b80000)
  to   space 10240K, 0% used [0x0000000778780000,0x0000000778780000,0x0000000779180000)
 ParOldGen       total 163840K, used 4314K [0x00000006d1000000, 0x00000006db000000, 0x0000000770580000)
  object space 163840K, 2% used [0x00000006d1000000,0x00000006d1436b58,0x00000006db000000)
 Metaspace       used 20758K, capacity 21176K, committed 21296K, reserved 1069056K
  class space    used 2481K, capacity 2630K, committed 2688K, reserved 1048576K
Event: 1.373 GC heap after
Heap after GC invocations=2 (full 0):
 PSYoungGen      total 133120K, used 10214K [0x0000000770580000, 0x0000000779180000, 0x00000007c0000000)
  eden space 122880K, 0% used [0x0000000770580000,0x0000000770580000,0x0000000777d80000)
  from space 10240K, 99% used [0x0000000778780000,0x0000000779179be0,0x0000000779180000)
  to   space 10240K, 0% used [0x0000000777d80000,0x0000000777d80000,0x0000000778780000)
 ParOldGen       total 163840K, used 4386K [0x00000006d1000000, 0x00000006db000000, 0x0000000770580000)
  object space 163840K, 2% used [0x00000006d1000000,0x00000006d1448b68,0x00000006db000000)
 Metaspace       used 20758K, capacity 21176K, committed 21296K, reserved 1069056K
  class space    used 2481K, capacity 2630K, committed 2688K, reserved 1048576K
}
Event: 1.373 GC heap before
{Heap before GC invocations=3 (full 1):
 PSYoungGen      total 133120K, used 10214K [0x0000000770580000, 0x0000000779180000, 0x00000007c0000000)
  eden space 122880K, 0% used [0x0000000770580000,0x0000000770580000,0x0000000777d80000)
  from space 10240K, 99% used [0x0000000778780000,0x0000000779179be0,0x0000000779180000)
  to   space 10240K, 0% used [0x0000000777d80000,0x0000000777d80000,0x0000000778780000)
 ParOldGen       total 163840K, used 4386K [0x00000006d1000000, 0x00000006db000000, 0x0000000770580000)
  object space 163840K, 2% used [0x00000006d1000000,0x00000006d1448b68,0x00000006db000000)
 Metaspace       used 20758K, capacity 21176K, committed 21296K, reserved 1069056K
  class space    used 2481K, capacity 2630K, committed 2688K, reserved 1048576K
Event: 1.405 GC heap after
Heap after GC invocations=3 (full 1):
 PSYoungGen      total 133120K, used 0K [0x0000000770580000, 0x0000000779180000, 0x00000007c0000000)
  eden space 122880K, 0% used [0x0000000770580000,0x0000000770580000,0x0000000777d80000)
  from space 10240K, 0% used [0x0000000778780000,0x0000000778780000,0x0000000779180000)
  to   space 10240K, 0% used [0x0000000777d80000,0x0000000777d80000,0x0000000778780000)
 ParOldGen       total 111104K, used 9864K [0x00000006d1000000, 0x00000006d7c80000, 0x0000000770580000)
  object space 111104K, 8% used [0x00000006d1000000,0x00000006d19a2270,0x00000006d7c80000)
 Metaspace       used 20758K, capacity 21176K, committed 21296K, reserved 1069056K
  class space    used 2481K, capacity 2630K, committed 2688K, reserved 1048576K
}
Event: 2.683 GC heap before
{Heap before GC invocations=4 (full 1):
 PSYoungGen      total 133120K, used 96963K [0x0000000770580000, 0x0000000779180000, 0x00000007c0000000)
  eden space 122880K, 78% used [0x0000000770580000,0x0000000776430e50,0x0000000777d80000)
  from space 10240K, 0% used [0x0000000778780000,0x0000000778780000,0x0000000779180000)
  to   space 10240K, 0% used [0x0000000777d80000,0x0000000777d80000,0x0000000778780000)
 ParOldGen       total 111104K, used 9864K [0x00000006d1000000, 0x00000006d7c80000, 0x0000000770580000)
  object space 111104K, 8% used [0x00000006d1000000,0x00000006d19a2270,0x00000006d7c80000)
 Metaspace       used 34709K, capacity 35243K, committed 35456K, reserved 1079296K
  class space    used 4486K, capacity 4621K, committed 4736K, reserved 1048576K
Event: 2.700 GC heap after
Heap after GC invocations=4 (full 1):
 PSYoungGen      total 133120K, used 10216K [0x0000000770580000, 0x0000000779180000, 0x00000007c0000000)
  eden space 122880K, 0% used [0x0000000770580000,0x0000000770580000,0x0000000777d80000)
  from space 10240K, 99% used [0x0000000777d80000,0x000000077877a170,0x0000000778780000)
  to   space 10240K, 0% used [0x0000000778780000,0x0000000778780000,0x0000000779180000)
 ParOldGen       total 111104K, used 22397K [0x00000006d1000000, 0x00000006d7c80000, 0x0000000770580000)
  object space 111104K, 20% used [0x00000006d1000000,0x00000006d25df4b0,0x00000006d7c80000)
 Metaspace       used 34709K, capacity 35243K, committed 35456K, reserved 1079296K
  class space    used 4486K, capacity 4621K, committed 4736K, reserved 1048576K
}
Event: 2.700 GC heap before
{Heap before GC invocations=5 (full 2):
 PSYoungGen      total 133120K, used 10216K [0x0000000770580000, 0x0000000779180000, 0x00000007c0000000)
  eden space 122880K, 0% used [0x0000000770580000,0x0000000770580000,0x0000000777d80000)
  from space 10240K, 99% used [0x0000000777d80000,0x000000077877a170,0x0000000778780000)
  to   space 10240K, 0% used [0x0000000778780000,0x0000000778780000,0x0000000779180000)
 ParOldGen       total 111104K, used 22397K [0x00000006d1000000, 0x00000006d7c80000, 0x0000000770580000)
  object space 111104K, 20% used [0x00000006d1000000,0x00000006d25df4b0,0x00000006d7c80000)
 Metaspace       used 34709K, capacity 35243K, committed 35456K, reserved 1079296K
  class space    used 4486K, capacity 4621K, committed 4736K, reserved 1048576K
Event: 2.743 GC heap after
Heap after GC invocations=5 (full 2):
 PSYoungGen      total 133120K, used 0K [0x0000000770580000, 0x0000000779180000, 0x00000007c0000000)
  eden space 122880K, 0% used [0x0000000770580000,0x0000000770580000,0x0000000777d80000)
  from space 10240K, 0% used [0x0000000777d80000,0x0000000777d80000,0x0000000778780000)
  to   space 10240K, 0% used [0x0000000778780000,0x0000000778780000,0x0000000779180000)
 ParOldGen       total 111104K, used 27846K [0x00000006d1000000, 0x00000006d7c80000, 0x0000000770580000)
  object space 111104K, 25% used [0x00000006d1000000,0x00000006d2b31a30,0x00000006d7c80000)
 Metaspace       used 34709K, capacity 35243K, committed 35456K, reserved 1079296K
  class space    used 4486K, capacity 4621K, committed 4736K, reserved 1048576K
}

